f:\uni\foundation year\semster two\c++\project\fucken hint\debug\cie202-project.bsc
f:\uni\foundation year\semster two\c++\project\finalfinalfinal\debug\cie202-project.bsc
f:\uni\foundation year\semster two\c++\project\finalfinalfinal\debug\vc143.pdb
f:\uni\foundation year\semster two\c++\project\finalfinalfinal\debug\vc143.idb
f:\uni\foundation year\semster two\c++\project\finalfinalfinal\debug\toolbar.sbr
f:\uni\foundation year\semster two\c++\project\finalfinalfinal\debug\main.sbr
f:\uni\foundation year\semster two\c++\project\finalfinalfinal\debug\grid.sbr
f:\uni\foundation year\semster two\c++\project\finalfinalfinal\debug\game.sbr
f:\uni\foundation year\semster two\c++\project\finalfinalfinal\debug\shape.sbr
f:\uni\foundation year\semster two\c++\project\finalfinalfinal\debug\operations.sbr
f:\uni\foundation year\semster two\c++\project\finalfinalfinal\debug\compositeshapes.sbr
f:\uni\foundation year\semster two\c++\project\finalfinalfinal\debug\windowinput.sbr
f:\uni\foundation year\semster two\c++\project\finalfinalfinal\debug\mousequeue.sbr
f:\uni\foundation year\semster two\c++\project\finalfinalfinal\debug\keyqueue.sbr
f:\uni\foundation year\semster two\c++\project\finalfinalfinal\debug\image.sbr
f:\uni\foundation year\semster two\c++\project\finalfinalfinal\debug\cmugraphics.sbr
f:\uni\foundation year\semster two\c++\project\finalfinalfinal\debug\auxil.sbr
f:\uni\foundation year\semster two\c++\project\finalfinalfinal\debug\basicshapes.sbr
f:\uni\foundation year\semster two\c++\project\finalfinalfinal\debug\basicshapes.obj
f:\uni\foundation year\semster two\c++\project\finalfinalfinal\debug\auxil.obj
f:\uni\foundation year\semster two\c++\project\finalfinalfinal\debug\cmugraphics.obj
f:\uni\foundation year\semster two\c++\project\finalfinalfinal\debug\image.obj
f:\uni\foundation year\semster two\c++\project\finalfinalfinal\debug\keyqueue.obj
f:\uni\foundation year\semster two\c++\project\finalfinalfinal\debug\mousequeue.obj
f:\uni\foundation year\semster two\c++\project\finalfinalfinal\debug\windowinput.obj
f:\uni\foundation year\semster two\c++\project\finalfinalfinal\debug\compositeshapes.obj
f:\uni\foundation year\semster two\c++\project\finalfinalfinal\debug\operations.obj
f:\uni\foundation year\semster two\c++\project\finalfinalfinal\debug\shape.obj
f:\uni\foundation year\semster two\c++\project\finalfinalfinal\debug\game.obj
f:\uni\foundation year\semster two\c++\project\finalfinalfinal\debug\grid.obj
f:\uni\foundation year\semster two\c++\project\finalfinalfinal\debug\main.obj
f:\uni\foundation year\semster two\c++\project\finalfinalfinal\debug\toolbar.obj
f:\uni\foundation year\semster two\c++\project\finalfinalfinal\debug\jutils.sbr
f:\uni\foundation year\semster two\c++\project\finalfinalfinal\debug\jquant2.sbr
f:\uni\foundation year\semster two\c++\project\finalfinalfinal\debug\jquant1.sbr
f:\uni\foundation year\semster two\c++\project\finalfinalfinal\debug\jmemnobs.sbr
f:\uni\foundation year\semster two\c++\project\finalfinalfinal\debug\jmemmgr.sbr
f:\uni\foundation year\semster two\c++\project\finalfinalfinal\debug\jidctred.sbr
f:\uni\foundation year\semster two\c++\project\finalfinalfinal\debug\jidctint.sbr
f:\uni\foundation year\semster two\c++\project\finalfinalfinal\debug\jidctfst.sbr
f:\uni\foundation year\semster two\c++\project\finalfinalfinal\debug\jidctflt.sbr
f:\uni\foundation year\semster two\c++\project\finalfinalfinal\debug\jerror.sbr
f:\uni\foundation year\semster two\c++\project\finalfinalfinal\debug\jdtrans.sbr
f:\uni\foundation year\semster two\c++\project\finalfinalfinal\debug\jdsample.sbr
f:\uni\foundation year\semster two\c++\project\finalfinalfinal\debug\jdpostct.sbr
f:\uni\foundation year\semster two\c++\project\finalfinalfinal\debug\jdphuff.sbr
f:\uni\foundation year\semster two\c++\project\finalfinalfinal\debug\jdmerge.sbr
f:\uni\foundation year\semster two\c++\project\finalfinalfinal\debug\jdmaster.sbr
f:\uni\foundation year\semster two\c++\project\finalfinalfinal\debug\jdmarker.sbr
f:\uni\foundation year\semster two\c++\project\finalfinalfinal\debug\jdmainct.sbr
f:\uni\foundation year\semster two\c++\project\finalfinalfinal\debug\jdinput.sbr
f:\uni\foundation year\semster two\c++\project\finalfinalfinal\debug\jdhuff.sbr
f:\uni\foundation year\semster two\c++\project\finalfinalfinal\debug\jdhuff.obj
f:\uni\foundation year\semster two\c++\project\finalfinalfinal\debug\jdinput.obj
f:\uni\foundation year\semster two\c++\project\finalfinalfinal\debug\jdmainct.obj
f:\uni\foundation year\semster two\c++\project\finalfinalfinal\debug\jdmarker.obj
f:\uni\foundation year\semster two\c++\project\finalfinalfinal\debug\jdmaster.obj
f:\uni\foundation year\semster two\c++\project\finalfinalfinal\debug\jdmerge.obj
f:\uni\foundation year\semster two\c++\project\finalfinalfinal\debug\jdphuff.obj
f:\uni\foundation year\semster two\c++\project\finalfinalfinal\debug\jdpostct.obj
f:\uni\foundation year\semster two\c++\project\finalfinalfinal\debug\jdsample.obj
f:\uni\foundation year\semster two\c++\project\finalfinalfinal\debug\jdtrans.obj
f:\uni\foundation year\semster two\c++\project\finalfinalfinal\debug\jerror.obj
f:\uni\foundation year\semster two\c++\project\finalfinalfinal\debug\jidctflt.obj
f:\uni\foundation year\semster two\c++\project\finalfinalfinal\debug\jidctfst.obj
f:\uni\foundation year\semster two\c++\project\finalfinalfinal\debug\jidctint.obj
f:\uni\foundation year\semster two\c++\project\finalfinalfinal\debug\jidctred.obj
f:\uni\foundation year\semster two\c++\project\finalfinalfinal\debug\jmemmgr.obj
f:\uni\foundation year\semster two\c++\project\finalfinalfinal\debug\jmemnobs.obj
f:\uni\foundation year\semster two\c++\project\finalfinalfinal\debug\jquant1.obj
f:\uni\foundation year\semster two\c++\project\finalfinalfinal\debug\jquant2.obj
f:\uni\foundation year\semster two\c++\project\finalfinalfinal\debug\jutils.obj
f:\uni\foundation year\semster two\c++\project\finalfinalfinal\debug\jddctmgr.sbr
f:\uni\foundation year\semster two\c++\project\finalfinalfinal\debug\jdcolor.sbr
f:\uni\foundation year\semster two\c++\project\finalfinalfinal\debug\jdcoefct.sbr
f:\uni\foundation year\semster two\c++\project\finalfinalfinal\debug\jdatasrc.sbr
f:\uni\foundation year\semster two\c++\project\finalfinalfinal\debug\jdapistd.sbr
f:\uni\foundation year\semster two\c++\project\finalfinalfinal\debug\jdapimin.sbr
f:\uni\foundation year\semster two\c++\project\finalfinalfinal\debug\jcparam.sbr
f:\uni\foundation year\semster two\c++\project\finalfinalfinal\debug\jcomapi.sbr
f:\uni\foundation year\semster two\c++\project\finalfinalfinal\debug\jpegload.sbr
f:\uni\foundation year\semster two\c++\project\finalfinalfinal\debug\jpegload.obj
f:\uni\foundation year\semster two\c++\project\finalfinalfinal\debug\jcomapi.obj
f:\uni\foundation year\semster two\c++\project\finalfinalfinal\debug\jcparam.obj
f:\uni\foundation year\semster two\c++\project\finalfinalfinal\debug\jdapimin.obj
f:\uni\foundation year\semster two\c++\project\finalfinalfinal\debug\jdapistd.obj
f:\uni\foundation year\semster two\c++\project\finalfinalfinal\debug\jdatasrc.obj
f:\uni\foundation year\semster two\c++\project\finalfinalfinal\debug\jdcoefct.obj
f:\uni\foundation year\semster two\c++\project\finalfinalfinal\debug\jdcolor.obj
f:\uni\foundation year\semster two\c++\project\finalfinalfinal\debug\jddctmgr.obj
f:\uni\foundation year\semster two\c++\project\finalfinalfinal\debug\cie202-project.exe
f:\uni\foundation year\semster two\c++\project\finalfinalfinal\debug\cie202-project.pdb
f:\uni\foundation year\semster two\c++\project\finalfinalfinal\debug\cie202-project.ilk
f:\uni\foundation year\semster two\c++\project\finalfinalfinal\debug\cie202-project.tlog\bscmake.command.1.tlog
f:\uni\foundation year\semster two\c++\project\finalfinalfinal\debug\cie202-project.tlog\bscmake.read.1.tlog
f:\uni\foundation year\semster two\c++\project\finalfinalfinal\debug\cie202-project.tlog\bscmake.write.1.tlog
f:\uni\foundation year\semster two\c++\project\finalfinalfinal\debug\cie202-project.tlog\cl.command.1.tlog
f:\uni\foundation year\semster two\c++\project\finalfinalfinal\debug\cie202-project.tlog\cl.items.tlog
f:\uni\foundation year\semster two\c++\project\finalfinalfinal\debug\cie202-project.tlog\cl.read.1.tlog
f:\uni\foundation year\semster two\c++\project\finalfinalfinal\debug\cie202-project.tlog\cl.write.1.tlog
f:\uni\foundation year\semster two\c++\project\finalfinalfinal\debug\cie202-project.tlog\link.command.1.tlog
f:\uni\foundation year\semster two\c++\project\finalfinalfinal\debug\cie202-project.tlog\link.read.1.tlog
f:\uni\foundation year\semster two\c++\project\finalfinalfinal\debug\cie202-project.tlog\link.secondary.1.tlog
f:\uni\foundation year\semster two\c++\project\finalfinalfinal\debug\cie202-project.tlog\link.write.1.tlog
