cl : command line  warning D9035: option 'Gm' has been deprecated and will be removed in a future release
  toolbar.cpp
D:\yara\UNI\Foundation year\semster 2\c++\project\DR.FINAL\toolbar.cpp(34,34): warning C4129: 's': unrecognized character escape sequence
D:\yara\UNI\Foundation year\semster 2\c++\project\DR.FINAL\toolbar.cpp(35,32): warning C4129: 'l': unrecognized character escape sequence
  main.cpp
  grid.cpp
D:\yara\UNI\Foundation year\semster 2\c++\project\DR.FINAL\grid.cpp(44,69): warning C4244: 'argument': conversion from 'double' to 'const int', possible loss of data
D:\yara\UNI\Foundation year\semster 2\c++\project\DR.FINAL\grid.cpp(64,74): warning C4244: 'argument': conversion from 'double' to 'const int', possible loss of data
D:\yara\UNI\Foundation year\semster 2\c++\project\DR.FINAL\grid.cpp(64,55): warning C4244: 'argument': conversion from 'double' to 'const int', possible loss of data
D:\yara\UNI\Foundation year\semster 2\c++\project\DR.FINAL\grid.cpp(64,41): warning C4244: 'argument': conversion from 'const double' to 'const int', possible loss of data
D:\yara\UNI\Foundation year\semster 2\c++\project\DR.FINAL\grid.cpp(64,30): warning C4244: 'argument': conversion from 'const double' to 'const int', possible loss of data
D:\yara\UNI\Foundation year\semster 2\c++\project\DR.FINAL\grid.cpp(111,69): warning C4244: 'argument': conversion from 'double' to 'const int', possible loss of data
D:\yara\UNI\Foundation year\semster 2\c++\project\DR.FINAL\grid.cpp(135,69): warning C4244: 'argument': conversion from 'double' to 'const int', possible loss of data
D:\yara\UNI\Foundation year\semster 2\c++\project\DR.FINAL\grid.cpp(159,69): warning C4244: 'argument': conversion from 'double' to 'const int', possible loss of data
D:\yara\UNI\Foundation year\semster 2\c++\project\DR.FINAL\grid.cpp(183,69): warning C4244: 'argument': conversion from 'double' to 'const int', possible loss of data
D:\yara\UNI\Foundation year\semster 2\c++\project\DR.FINAL\grid.cpp(207,69): warning C4244: 'argument': conversion from 'double' to 'const int', possible loss of data
D:\yara\UNI\Foundation year\semster 2\c++\project\DR.FINAL\grid.cpp(231,69): warning C4244: 'argument': conversion from 'double' to 'const int', possible loss of data
D:\yara\UNI\Foundation year\semster 2\c++\project\DR.FINAL\grid.cpp(255,69): warning C4244: 'argument': conversion from 'double' to 'const int', possible loss of data
D:\yara\UNI\Foundation year\semster 2\c++\project\DR.FINAL\grid.cpp(279,69): warning C4244: 'argument': conversion from 'double' to 'const int', possible loss of data
D:\yara\UNI\Foundation year\semster 2\c++\project\DR.FINAL\grid.cpp(430,12): warning C4244: 'argument': conversion from 'time_t' to 'unsigned int', possible loss of data
  game.cpp
D:\yara\UNI\Foundation year\semster 2\c++\project\DR.FINAL\game.cpp(59,40): warning C4838: conversion from 'int' to 'double' requires a narrowing conversion
D:\yara\UNI\Foundation year\semster 2\c++\project\DR.FINAL\game.cpp(302,23): warning C4244: 'initializing': conversion from 'time_t' to 'int', possible loss of data
D:\yara\UNI\Foundation year\semster 2\c++\project\DR.FINAL\game.cpp(309,22): warning C4129: 'p': unrecognized character escape sequence
D:\yara\UNI\Foundation year\semster 2\c++\project\DR.FINAL\game.cpp(312,25): warning C4244: 'initializing': conversion from 'time_t' to 'int', possible loss of data
D:\yara\UNI\Foundation year\semster 2\c++\project\DR.FINAL\game.cpp(333,21): warning C4244: 'initializing': conversion from 'time_t' to 'int', possible loss of data
D:\yara\UNI\Foundation year\semster 2\c++\project\DR.FINAL\game.cpp(376,21): warning C4244: 'initializing': conversion from 'time_t' to 'int', possible loss of data
  shape.cpp
D:\yara\UNI\Foundation year\semster 2\c++\project\DR.FINAL\shape.cpp(32,13): warning C4244: '=': conversion from 'double' to 'int', possible loss of data
  operations.cpp
D:\yara\UNI\Foundation year\semster 2\c++\project\DR.FINAL\operations.cpp(36,25): warning C4838: conversion from 'int' to 'double' requires a narrowing conversion
D:\yara\UNI\Foundation year\semster 2\c++\project\DR.FINAL\operations.cpp(36,31): warning C4838: conversion from 'int' to 'double' requires a narrowing conversion
D:\yara\UNI\Foundation year\semster 2\c++\project\DR.FINAL\operations.cpp(64,25): warning C4838: conversion from 'int' to 'double' requires a narrowing conversion
D:\yara\UNI\Foundation year\semster 2\c++\project\DR.FINAL\operations.cpp(64,31): warning C4838: conversion from 'int' to 'double' requires a narrowing conversion
D:\yara\UNI\Foundation year\semster 2\c++\project\DR.FINAL\operations.cpp(92,25): warning C4838: conversion from 'int' to 'double' requires a narrowing conversion
D:\yara\UNI\Foundation year\semster 2\c++\project\DR.FINAL\operations.cpp(92,31): warning C4838: conversion from 'int' to 'double' requires a narrowing conversion
D:\yara\UNI\Foundation year\semster 2\c++\project\DR.FINAL\operations.cpp(120,25): warning C4838: conversion from 'int' to 'double' requires a narrowing conversion
D:\yara\UNI\Foundation year\semster 2\c++\project\DR.FINAL\operations.cpp(120,31): warning C4838: conversion from 'int' to 'double' requires a narrowing conversion
D:\yara\UNI\Foundation year\semster 2\c++\project\DR.FINAL\operations.cpp(148,25): warning C4838: conversion from 'int' to 'double' requires a narrowing conversion
D:\yara\UNI\Foundation year\semster 2\c++\project\DR.FINAL\operations.cpp(148,31): warning C4838: conversion from 'int' to 'double' requires a narrowing conversion
D:\yara\UNI\Foundation year\semster 2\c++\project\DR.FINAL\operations.cpp(173,25): warning C4838: conversion from 'int' to 'double' requires a narrowing conversion
D:\yara\UNI\Foundation year\semster 2\c++\project\DR.FINAL\operations.cpp(173,31): warning C4838: conversion from 'int' to 'double' requires a narrowing conversion
D:\yara\UNI\Foundation year\semster 2\c++\project\DR.FINAL\operations.cpp(198,25): warning C4838: conversion from 'int' to 'double' requires a narrowing conversion
D:\yara\UNI\Foundation year\semster 2\c++\project\DR.FINAL\operations.cpp(198,31): warning C4838: conversion from 'int' to 'double' requires a narrowing conversion
D:\yara\UNI\Foundation year\semster 2\c++\project\DR.FINAL\operations.cpp(329,12): warning C4244: 'argument': conversion from 'time_t' to 'unsigned int', possible loss of data
D:\yara\UNI\Foundation year\semster 2\c++\project\DR.FINAL\operations.cpp(484,10): warning C4244: 'initializing': conversion from '_Ty' to 'int', possible loss of data
D:\yara\UNI\Foundation year\semster 2\c++\project\DR.FINAL\operations.cpp(484,10): warning C4244:         with
D:\yara\UNI\Foundation year\semster 2\c++\project\DR.FINAL\operations.cpp(484,10): warning C4244:         [
D:\yara\UNI\Foundation year\semster 2\c++\project\DR.FINAL\operations.cpp(484,10): warning C4244:             _Ty=double
D:\yara\UNI\Foundation year\semster 2\c++\project\DR.FINAL\operations.cpp(484,10): warning C4244:         ]
D:\yara\UNI\Foundation year\semster 2\c++\project\DR.FINAL\operations.cpp(486,10): warning C4244: 'initializing': conversion from '_Ty' to 'int', possible loss of data
D:\yara\UNI\Foundation year\semster 2\c++\project\DR.FINAL\operations.cpp(486,10): warning C4244:         with
D:\yara\UNI\Foundation year\semster 2\c++\project\DR.FINAL\operations.cpp(486,10): warning C4244:         [
D:\yara\UNI\Foundation year\semster 2\c++\project\DR.FINAL\operations.cpp(486,10): warning C4244:             _Ty=double
D:\yara\UNI\Foundation year\semster 2\c++\project\DR.FINAL\operations.cpp(486,10): warning C4244:         ]
D:\yara\UNI\Foundation year\semster 2\c++\project\DR.FINAL\operations.cpp(487,10): warning C4244: 'initializing': conversion from '_Ty' to 'int', possible loss of data
D:\yara\UNI\Foundation year\semster 2\c++\project\DR.FINAL\operations.cpp(487,10): warning C4244:         with
D:\yara\UNI\Foundation year\semster 2\c++\project\DR.FINAL\operations.cpp(487,10): warning C4244:         [
D:\yara\UNI\Foundation year\semster 2\c++\project\DR.FINAL\operations.cpp(487,10): warning C4244:             _Ty=double
D:\yara\UNI\Foundation year\semster 2\c++\project\DR.FINAL\operations.cpp(487,10): warning C4244:         ]
D:\yara\UNI\Foundation year\semster 2\c++\project\DR.FINAL\operations.cpp(488,10): warning C4244: 'initializing': conversion from '_Ty' to 'int', possible loss of data
D:\yara\UNI\Foundation year\semster 2\c++\project\DR.FINAL\operations.cpp(488,10): warning C4244:         with
D:\yara\UNI\Foundation year\semster 2\c++\project\DR.FINAL\operations.cpp(488,10): warning C4244:         [
D:\yara\UNI\Foundation year\semster 2\c++\project\DR.FINAL\operations.cpp(488,10): warning C4244:             _Ty=double
D:\yara\UNI\Foundation year\semster 2\c++\project\DR.FINAL\operations.cpp(488,10): warning C4244:         ]
  CompositeShapes.cpp
D:\yara\UNI\Foundation year\semster 2\c++\project\DR.FINAL\CompositeShapes.cpp(411,128): warning C4244: 'argument': conversion from 'double' to 'int', possible loss of data
  windowinput.cpp
  mousequeue.cpp
  keyqueue.cpp
  image.cpp
D:\yara\UNI\Foundation year\semster 2\c++\project\DR.FINAL\CMUgraphicsLib\image.cpp(115,29): warning C4018: '<': signed/unsigned mismatch
  CMUgraphics.cpp
D:\yara\UNI\Foundation year\semster 2\c++\project\DR.FINAL\CMUgraphicsLib\CMUgraphics.cpp(257,9): warning C4101: 'iX': unreferenced local variable
D:\yara\UNI\Foundation year\semster 2\c++\project\DR.FINAL\CMUgraphicsLib\CMUgraphics.cpp(257,13): warning C4101: 'iY': unreferenced local variable
D:\yara\UNI\Foundation year\semster 2\c++\project\DR.FINAL\CMUgraphicsLib\CMUgraphics.cpp(751,3): warning C4996: 'strcpy': This function or variable may be unsafe. Consider using strcpy_s instead. To disable deprecation, use _CRT_SECURE_NO_WARNINGS. See online help for details.
D:\yara\UNI\Foundation year\semster 2\c++\project\DR.FINAL\CMUgraphicsLib\CMUgraphics.cpp(1164,2): warning C4996: 'sprintf': This function or variable may be unsafe. Consider using sprintf_s instead. To disable deprecation, use _CRT_SECURE_NO_WARNINGS. See online help for details.
D:\yara\UNI\Foundation year\semster 2\c++\project\DR.FINAL\CMUgraphicsLib\CMUgraphics.cpp(1171,2): warning C4996: 'sprintf': This function or variable may be unsafe. Consider using sprintf_s instead. To disable deprecation, use _CRT_SECURE_NO_WARNINGS. See online help for details.
D:\yara\UNI\Foundation year\semster 2\c++\project\DR.FINAL\CMUgraphicsLib\CMUgraphics.cpp(1202,2): warning C4996: 'sprintf': This function or variable may be unsafe. Consider using sprintf_s instead. To disable deprecation, use _CRT_SECURE_NO_WARNINGS. See online help for details.
D:\yara\UNI\Foundation year\semster 2\c++\project\DR.FINAL\CMUgraphicsLib\CMUgraphics.cpp(1210,2): warning C4996: 'sprintf': This function or variable may be unsafe. Consider using sprintf_s instead. To disable deprecation, use _CRT_SECURE_NO_WARNINGS. See online help for details.
D:\yara\UNI\Foundation year\semster 2\c++\project\DR.FINAL\CMUgraphicsLib\CMUgraphics.cpp(1357,23): warning C4018: '>': signed/unsigned mismatch
  auxil.cpp
  BasicShapes.cpp
D:\yara\UNI\Foundation year\semster 2\c++\project\DR.FINAL\BasicShapes.cpp(133,12): warning C4244: 'initializing': conversion from 'double' to 'int', possible loss of data
D:\yara\UNI\Foundation year\semster 2\c++\project\DR.FINAL\BasicShapes.cpp(134,12): warning C4244: 'initializing': conversion from 'double' to 'int', possible loss of data
D:\yara\UNI\Foundation year\semster 2\c++\project\DR.FINAL\BasicShapes.cpp(135,12): warning C4244: 'initializing': conversion from 'double' to 'int', possible loss of data
D:\yara\UNI\Foundation year\semster 2\c++\project\DR.FINAL\BasicShapes.cpp(136,12): warning C4244: 'initializing': conversion from 'double' to 'int', possible loss of data
D:\yara\UNI\Foundation year\semster 2\c++\project\DR.FINAL\BasicShapes.cpp(137,45): warning C4244: 'argument': conversion from 'double' to 'const int', possible loss of data
D:\yara\UNI\Foundation year\semster 2\c++\project\DR.FINAL\BasicShapes.cpp(137,37): warning C4244: 'argument': conversion from 'const double' to 'const int', possible loss of data
D:\yara\UNI\Foundation year\semster 2\c++\project\DR.FINAL\BasicShapes.cpp(137,25): warning C4244: 'argument': conversion from 'const double' to 'const int', possible loss of data
D:\yara\UNI\Foundation year\semster 2\c++\project\DR.FINAL\BasicShapes.cpp(154,45): warning C4244: 'argument': conversion from 'double' to 'const int', possible loss of data
D:\yara\UNI\Foundation year\semster 2\c++\project\DR.FINAL\BasicShapes.cpp(154,37): warning C4244: 'argument': conversion from 'double' to 'const int', possible loss of data
D:\yara\UNI\Foundation year\semster 2\c++\project\DR.FINAL\BasicShapes.cpp(154,25): warning C4244: 'argument': conversion from 'double' to 'const int', possible loss of data
D:\yara\UNI\Foundation year\semster 2\c++\project\DR.FINAL\BasicShapes.cpp(162,45): warning C4244: 'argument': conversion from 'double' to 'const int', possible loss of data
D:\yara\UNI\Foundation year\semster 2\c++\project\DR.FINAL\BasicShapes.cpp(162,37): warning C4244: 'argument': conversion from 'double' to 'const int', possible loss of data
D:\yara\UNI\Foundation year\semster 2\c++\project\DR.FINAL\BasicShapes.cpp(162,25): warning C4244: 'argument': conversion from 'double' to 'const int', possible loss of data
D:\yara\UNI\Foundation year\semster 2\c++\project\DR.FINAL\BasicShapes.cpp(171,12): warning C4244: 'initializing': conversion from 'double' to 'int', possible loss of data
D:\yara\UNI\Foundation year\semster 2\c++\project\DR.FINAL\BasicShapes.cpp(172,12): warning C4244: 'initializing': conversion from 'double' to 'int', possible loss of data
D:\yara\UNI\Foundation year\semster 2\c++\project\DR.FINAL\BasicShapes.cpp(173,12): warning C4244: 'initializing': conversion from 'double' to 'int', possible loss of data
D:\yara\UNI\Foundation year\semster 2\c++\project\DR.FINAL\BasicShapes.cpp(174,12): warning C4244: 'initializing': conversion from 'double' to 'int', possible loss of data
D:\yara\UNI\Foundation year\semster 2\c++\project\DR.FINAL\BasicShapes.cpp(213,63): warning C4244: 'argument': conversion from 'double' to 'const int', possible loss of data
D:\yara\UNI\Foundation year\semster 2\c++\project\DR.FINAL\BasicShapes.cpp(213,55): warning C4244: 'argument': conversion from 'double' to 'const int', possible loss of data
D:\yara\UNI\Foundation year\semster 2\c++\project\DR.FINAL\BasicShapes.cpp(213,47): warning C4244: 'argument': conversion from 'double' to 'const int', possible loss of data
D:\yara\UNI\Foundation year\semster 2\c++\project\DR.FINAL\BasicShapes.cpp(213,39): warning C4244: 'argument': conversion from 'double' to 'const int', possible loss of data
D:\yara\UNI\Foundation year\semster 2\c++\project\DR.FINAL\BasicShapes.cpp(213,31): warning C4244: 'argument': conversion from 'double' to 'const int', possible loss of data
D:\yara\UNI\Foundation year\semster 2\c++\project\DR.FINAL\BasicShapes.cpp(213,23): warning C4244: 'argument': conversion from 'double' to 'const int', possible loss of data
  Generating Code...
D:\yara\UNI\Foundation year\semster 2\c++\project\DR.FINAL\CompositeShapes.cpp(33,1): warning C4715: 'Sign::draw': not all control paths return a value
D:\yara\UNI\Foundation year\semster 2\c++\project\DR.FINAL\game.cpp(143,1): warning C4715: 'game::createRequiredOperation': not all control paths return a value
D:\yara\UNI\Foundation year\semster 2\c++\project\DR.FINAL\grid.cpp(399,1): warning C4715: 'grid::hint': not all control paths return a value
cl : command line  warning D9035: option 'Gm' has been deprecated and will be removed in a future release
  jutils.c
  jquant2.c
  jquant1.c
  jmemnobs.c
  jmemmgr.c
D:\yara\UNI\Foundation year\semster 2\c++\project\DR.FINAL\CMUgraphicsLib\jpeg\jmemmgr.c(1103,19): warning C4996: 'getenv': This function or variable may be unsafe. Consider using _dupenv_s instead. To disable deprecation, use _CRT_SECURE_NO_WARNINGS. See online help for details.
D:\yara\UNI\Foundation year\semster 2\c++\project\DR.FINAL\CMUgraphicsLib\jpeg\jmemmgr.c(1106,11): warning C4996: 'sscanf': This function or variable may be unsafe. Consider using sscanf_s instead. To disable deprecation, use _CRT_SECURE_NO_WARNINGS. See online help for details.
  jidctred.c
  jidctint.c
  jidctfst.c
  jidctflt.c
  jerror.c
D:\yara\UNI\Foundation year\semster 2\c++\project\DR.FINAL\CMUgraphicsLib\jpeg\jerror.c(169,5): warning C4996: 'sprintf': This function or variable may be unsafe. Consider using sprintf_s instead. To disable deprecation, use _CRT_SECURE_NO_WARNINGS. See online help for details.
D:\yara\UNI\Foundation year\semster 2\c++\project\DR.FINAL\CMUgraphicsLib\jpeg\jerror.c(171,5): warning C4996: 'sprintf': This function or variable may be unsafe. Consider using sprintf_s instead. To disable deprecation, use _CRT_SECURE_NO_WARNINGS. See online help for details.
  jdtrans.c
  jdsample.c
  jdpostct.c
  jdphuff.c
  jdmerge.c
  jdmaster.c
  jdmarker.c
  jdmainct.c
  jdinput.c
  jdhuff.c
  Generating Code...
  Compiling...
  jddctmgr.c
  jdcolor.c
  jdcoefct.c
  jdatasrc.c
  jdapistd.c
  jdapimin.c
  jcparam.c
  jcomapi.c
  jpegload.c
D:\yara\UNI\Foundation year\semster 2\c++\project\DR.FINAL\CMUgraphicsLib\jpegload.c(23,12): warning C4996: 'fopen': This function or variable may be unsafe. Consider using fopen_s instead. To disable deprecation, use _CRT_SECURE_NO_WARNINGS. See online help for details.
  Generating Code...
BasicShapes.obj : warning LNK4075: ignoring '/EDITANDCONTINUE' due to '/SAFESEH' specification
  CIE202-project.vcxproj -> D:\yara\UNI\Foundation year\semster 2\c++\project\DR.FINAL\Debug\CIE202-project.exe
